<?xml version="1.0" encoding="UTF-8"?>
<testsuite xmlns:xsi="http://www.w3.org/2001/XMLSchema-instance" xsi:noNamespaceSchemaLocation="https://maven.apache.org/surefire/maven-surefire-plugin/xsd/surefire-test-report-3.0.xsd" version="3.0" name="We are testing background keyword in this file" time="6.701" tests="1" errors="0" skipped="0" failures="0">
  <properties>
    <property name="java.specification.version" value="19"/>
    <property name="webdriver.chrome.driver" value="/Users/gokhankara/.cache/selenium/chromedriver/mac64/108.0.5359.71/chromedriver"/>
    <property name="sun.jnu.encoding" value="UTF-8"/>
    <property name="java.class.path" value="/Users/gokhankara/Desktop/CucumberLast/target/test-classes:/Users/gokhankara/Desktop/CucumberLast/target/classes:/Users/gokhankara/.m2/repository/org/seleniumhq/selenium/selenium-java/3.141.59/selenium-java-3.141.59.jar:/Users/gokhankara/.m2/repository/org/seleniumhq/selenium/selenium-api/3.141.59/selenium-api-3.141.59.jar:/Users/gokhankara/.m2/repository/org/seleniumhq/selenium/selenium-chrome-driver/3.141.59/selenium-chrome-driver-3.141.59.jar:/Users/gokhankara/.m2/repository/org/seleniumhq/selenium/selenium-edge-driver/3.141.59/selenium-edge-driver-3.141.59.jar:/Users/gokhankara/.m2/repository/org/seleniumhq/selenium/selenium-firefox-driver/3.141.59/selenium-firefox-driver-3.141.59.jar:/Users/gokhankara/.m2/repository/org/seleniumhq/selenium/selenium-ie-driver/3.141.59/selenium-ie-driver-3.141.59.jar:/Users/gokhankara/.m2/repository/org/seleniumhq/selenium/selenium-opera-driver/3.141.59/selenium-opera-driver-3.141.59.jar:/Users/gokhankara/.m2/repository/org/seleniumhq/selenium/selenium-remote-driver/3.141.59/selenium-remote-driver-3.141.59.jar:/Users/gokhankara/.m2/repository/org/seleniumhq/selenium/selenium-safari-driver/3.141.59/selenium-safari-driver-3.141.59.jar:/Users/gokhankara/.m2/repository/org/seleniumhq/selenium/selenium-support/3.141.59/selenium-support-3.141.59.jar:/Users/gokhankara/.m2/repository/net/bytebuddy/byte-buddy/1.8.15/byte-buddy-1.8.15.jar:/Users/gokhankara/.m2/repository/org/apache/commons/commons-exec/1.3/commons-exec-1.3.jar:/Users/gokhankara/.m2/repository/com/google/guava/guava/25.0-jre/guava-25.0-jre.jar:/Users/gokhankara/.m2/repository/com/google/code/findbugs/jsr305/1.3.9/jsr305-1.3.9.jar:/Users/gokhankara/.m2/repository/org/checkerframework/checker-compat-qual/2.0.0/checker-compat-qual-2.0.0.jar:/Users/gokhankara/.m2/repository/com/google/errorprone/error_prone_annotations/2.1.3/error_prone_annotations-2.1.3.jar:/Users/gokhankara/.m2/repository/com/google/j2objc/j2objc-annotations/1.1/j2objc-annotations-1.1.jar:/Users/gokhankara/.m2/repository/org/codehaus/mojo/animal-sniffer-annotations/1.14/animal-sniffer-annotations-1.14.jar:/Users/gokhankara/.m2/repository/com/squareup/okhttp3/okhttp/3.11.0/okhttp-3.11.0.jar:/Users/gokhankara/.m2/repository/com/squareup/okio/okio/1.14.0/okio-1.14.0.jar:/Users/gokhankara/.m2/repository/io/cucumber/cucumber-java/7.0.0/cucumber-java-7.0.0.jar:/Users/gokhankara/.m2/repository/org/apiguardian/apiguardian-api/1.1.2/apiguardian-api-1.1.2.jar:/Users/gokhankara/.m2/repository/io/cucumber/cucumber-junit/7.0.0/cucumber-junit-7.0.0.jar:/Users/gokhankara/.m2/repository/junit/junit/4.13.2/junit-4.13.2.jar:/Users/gokhankara/.m2/repository/org/hamcrest/hamcrest-core/1.3/hamcrest-core-1.3.jar:/Users/gokhankara/.m2/repository/io/cucumber/cucumber-core/7.0.0/cucumber-core-7.0.0.jar:/Users/gokhankara/.m2/repository/io/cucumber/cucumber-gherkin/7.0.0/cucumber-gherkin-7.0.0.jar:/Users/gokhankara/.m2/repository/io/cucumber/cucumber-gherkin-messages/7.0.0/cucumber-gherkin-messages-7.0.0.jar:/Users/gokhankara/.m2/repository/io/cucumber/messages/17.1.1/messages-17.1.1.jar:/Users/gokhankara/.m2/repository/io/cucumber/tag-expressions/4.0.2/tag-expressions-4.0.2.jar:/Users/gokhankara/.m2/repository/io/cucumber/cucumber-expressions/13.0.1/cucumber-expressions-13.0.1.jar:/Users/gokhankara/.m2/repository/io/cucumber/datatable/7.0.0/datatable-7.0.0.jar:/Users/gokhankara/.m2/repository/io/cucumber/cucumber-plugin/7.0.0/cucumber-plugin-7.0.0.jar:/Users/gokhankara/.m2/repository/io/cucumber/docstring/7.0.0/docstring-7.0.0.jar:/Users/gokhankara/.m2/repository/io/cucumber/html-formatter/17.0.0/html-formatter-17.0.0.jar:/Users/gokhankara/.m2/repository/io/cucumber/create-meta/6.0.1/create-meta-6.0.1.jar:/Users/gokhankara/.m2/repository/io/github/bonigarcia/webdrivermanager/5.0.3/webdrivermanager-5.0.3.jar:/Users/gokhankara/.m2/repository/org/slf4j/slf4j-api/1.7.32/slf4j-api-1.7.32.jar:/Users/gokhankara/.m2/repository/com/google/code/gson/gson/2.8.8/gson-2.8.8.jar:/Users/gokhankara/.m2/repository/org/jsoup/jsoup/1.14.2/jsoup-1.14.2.jar:/Users/gokhankara/.m2/repository/com/github/docker-java/docker-java/3.2.12/docker-java-3.2.12.jar:/Users/gokhankara/.m2/repository/com/github/docker-java/docker-java-core/3.2.12/docker-java-core-3.2.12.jar:/Users/gokhankara/.m2/repository/com/github/docker-java/docker-java-api/3.2.12/docker-java-api-3.2.12.jar:/Users/gokhankara/.m2/repository/com/fasterxml/jackson/core/jackson-annotations/2.10.3/jackson-annotations-2.10.3.jar:/Users/gokhankara/.m2/repository/commons-lang/commons-lang/2.6/commons-lang-2.6.jar:/Users/gokhankara/.m2/repository/com/fasterxml/jackson/core/jackson-databind/2.10.3/jackson-databind-2.10.3.jar:/Users/gokhankara/.m2/repository/com/fasterxml/jackson/core/jackson-core/2.10.3/jackson-core-2.10.3.jar:/Users/gokhankara/.m2/repository/org/slf4j/jcl-over-slf4j/1.7.30/jcl-over-slf4j-1.7.30.jar:/Users/gokhankara/.m2/repository/com/github/docker-java/docker-java-transport-httpclient5/3.2.12/docker-java-transport-httpclient5-3.2.12.jar:/Users/gokhankara/.m2/repository/com/github/docker-java/docker-java-transport/3.2.12/docker-java-transport-3.2.12.jar:/Users/gokhankara/.m2/repository/org/apache/httpcomponents/client5/httpclient5/5.0.3/httpclient5-5.0.3.jar:/Users/gokhankara/.m2/repository/org/apache/httpcomponents/core5/httpcore5/5.0.2/httpcore5-5.0.2.jar:/Users/gokhankara/.m2/repository/net/java/dev/jna/jna/5.8.0/jna-5.8.0.jar:/Users/gokhankara/.m2/repository/org/brotli/dec/0.1.2/dec-0.1.2.jar:/Users/gokhankara/.m2/repository/org/apache/poi/poi-ooxml/5.0.0/poi-ooxml-5.0.0.jar:/Users/gokhankara/.m2/repository/org/apache/poi/poi/5.0.0/poi-5.0.0.jar:/Users/gokhankara/.m2/repository/commons-codec/commons-codec/1.15/commons-codec-1.15.jar:/Users/gokhankara/.m2/repository/org/apache/commons/commons-collections4/4.4/commons-collections4-4.4.jar:/Users/gokhankara/.m2/repository/org/apache/commons/commons-math3/3.6.1/commons-math3-3.6.1.jar:/Users/gokhankara/.m2/repository/com/zaxxer/SparseBitSet/1.2/SparseBitSet-1.2.jar:/Users/gokhankara/.m2/repository/org/apache/poi/poi-ooxml-lite/5.0.0/poi-ooxml-lite-5.0.0.jar:/Users/gokhankara/.m2/repository/org/apache/xmlbeans/xmlbeans/4.0.0/xmlbeans-4.0.0.jar:/Users/gokhankara/.m2/repository/org/apache/commons/commons-compress/1.20/commons-compress-1.20.jar:/Users/gokhankara/.m2/repository/com/github/virtuald/curvesapi/1.06/curvesapi-1.06.jar:/Users/gokhankara/.m2/repository/org/bouncycastle/bcpkix-jdk15on/1.68/bcpkix-jdk15on-1.68.jar:/Users/gokhankara/.m2/repository/org/bouncycastle/bcprov-jdk15on/1.68/bcprov-jdk15on-1.68.jar:/Users/gokhankara/.m2/repository/org/apache/santuario/xmlsec/2.2.1/xmlsec-2.2.1.jar:/Users/gokhankara/.m2/repository/com/fasterxml/woodstox/woodstox-core/5.2.1/woodstox-core-5.2.1.jar:/Users/gokhankara/.m2/repository/org/codehaus/woodstox/stax2-api/4.2/stax2-api-4.2.jar:/Users/gokhankara/.m2/repository/jakarta/xml/bind/jakarta.xml.bind-api/2.3.2/jakarta.xml.bind-api-2.3.2.jar:/Users/gokhankara/.m2/repository/jakarta/activation/jakarta.activation-api/1.2.1/jakarta.activation-api-1.2.1.jar:/Users/gokhankara/.m2/repository/org/apache/xmlgraphics/batik-all/1.13/batik-all-1.13.jar:/Users/gokhankara/.m2/repository/org/apache/xmlgraphics/batik-anim/1.13/batik-anim-1.13.jar:/Users/gokhankara/.m2/repository/org/apache/xmlgraphics/batik-shared-resources/1.13/batik-shared-resources-1.13.jar:/Users/gokhankara/.m2/repository/xml-apis/xml-apis-ext/1.3.04/xml-apis-ext-1.3.04.jar:/Users/gokhankara/.m2/repository/org/apache/xmlgraphics/batik-awt-util/1.13/batik-awt-util-1.13.jar:/Users/gokhankara/.m2/repository/org/apache/xmlgraphics/xmlgraphics-commons/2.4/xmlgraphics-commons-2.4.jar:/Users/gokhankara/.m2/repository/org/apache/xmlgraphics/batik-bridge/1.13/batik-bridge-1.13.jar:/Users/gokhankara/.m2/repository/org/apache/xmlgraphics/batik-codec/1.13/batik-codec-1.13.jar:/Users/gokhankara/.m2/repository/org/apache/xmlgraphics/batik-constants/1.13/batik-constants-1.13.jar:/Users/gokhankara/.m2/repository/org/apache/xmlgraphics/batik-css/1.13/batik-css-1.13.jar:/Users/gokhankara/.m2/repository/org/apache/xmlgraphics/batik-dom/1.13/batik-dom-1.13.jar:/Users/gokhankara/.m2/repository/xalan/xalan/2.7.2/xalan-2.7.2.jar:/Users/gokhankara/.m2/repository/xalan/serializer/2.7.2/serializer-2.7.2.jar:/Users/gokhankara/.m2/repository/xml-apis/xml-apis/1.4.01/xml-apis-1.4.01.jar:/Users/gokhankara/.m2/repository/org/apache/xmlgraphics/batik-ext/1.13/batik-ext-1.13.jar:/Users/gokhankara/.m2/repository/org/apache/xmlgraphics/batik-extension/1.13/batik-extension-1.13.jar:/Users/gokhankara/.m2/repository/org/apache/xmlgraphics/batik-gui-util/1.13/batik-gui-util-1.13.jar:/Users/gokhankara/.m2/repository/org/apache/xmlgraphics/batik-gvt/1.13/batik-gvt-1.13.jar:/Users/gokhankara/.m2/repository/org/apache/xmlgraphics/batik-i18n/1.13/batik-i18n-1.13.jar:/Users/gokhankara/.m2/repository/org/apache/xmlgraphics/batik-parser/1.13/batik-parser-1.13.jar:/Users/gokhankara/.m2/repository/org/apache/xmlgraphics/batik-rasterizer-ext/1.13/batik-rasterizer-ext-1.13.jar:/Users/gokhankara/.m2/repository/org/apache/xmlgraphics/batik-rasterizer/1.13/batik-rasterizer-1.13.jar:/Users/gokhankara/.m2/repository/org/apache/xmlgraphics/batik-script/1.13/batik-script-1.13.jar:/Users/gokhankara/.m2/repository/org/apache/xmlgraphics/batik-slideshow/1.13/batik-slideshow-1.13.jar:/Users/gokhankara/.m2/repository/org/apache/xmlgraphics/batik-squiggle-ext/1.13/batik-squiggle-ext-1.13.jar:/Users/gokhankara/.m2/repository/org/apache/xmlgraphics/batik-squiggle/1.13/batik-squiggle-1.13.jar:/Users/gokhankara/.m2/repository/org/apache/xmlgraphics/batik-svg-dom/1.13/batik-svg-dom-1.13.jar:/Users/gokhankara/.m2/repository/org/apache/xmlgraphics/batik-svgbrowser/1.13/batik-svgbrowser-1.13.jar:/Users/gokhankara/.m2/repository/org/apache/xmlgraphics/batik-svggen/1.13/batik-svggen-1.13.jar:/Users/gokhankara/.m2/repository/org/apache/xmlgraphics/batik-svgpp/1.13/batik-svgpp-1.13.jar:/Users/gokhankara/.m2/repository/org/apache/xmlgraphics/batik-svgrasterizer/1.13/batik-svgrasterizer-1.13.jar:/Users/gokhankara/.m2/repository/org/apache/xmlgraphics/batik-swing/1.13/batik-swing-1.13.jar:/Users/gokhankara/.m2/repository/org/apache/xmlgraphics/batik-transcoder/1.13/batik-transcoder-1.13.jar:/Users/gokhankara/.m2/repository/org/apache/xmlgraphics/batik-util/1.13/batik-util-1.13.jar:/Users/gokhankara/.m2/repository/org/apache/xmlgraphics/batik-ttf2svg/1.13/batik-ttf2svg-1.13.jar:/Users/gokhankara/.m2/repository/org/apache/xmlgraphics/batik-xml/1.13/batik-xml-1.13.jar:/Users/gokhankara/.m2/repository/de/rototor/pdfbox/graphics2d/0.30/graphics2d-0.30.jar:/Users/gokhankara/.m2/repository/org/apache/pdfbox/pdfbox/2.0.22/pdfbox-2.0.22.jar:/Users/gokhankara/.m2/repository/org/apache/pdfbox/fontbox/2.0.22/fontbox-2.0.22.jar:/Users/gokhankara/.m2/repository/commons-io/commons-io/2.11.0/commons-io-2.11.0.jar:"/>
    <property name="java.vm.vendor" value="Oracle Corporation"/>
    <property name="sun.arch.data.model" value="64"/>
    <property name="java.vendor.url" value="https://java.oracle.com/"/>
    <property name="user.timezone" value="America/New_York"/>
    <property name="os.name" value="Mac OS X"/>
    <property name="java.vm.specification.version" value="19"/>
    <property name="sun.java.launcher" value="SUN_STANDARD"/>
    <property name="user.country" value="US"/>
    <property name="sun.boot.library.path" value="/Users/gokhankara/Library/Java/JavaVirtualMachines/openjdk-19.0.1/Contents/Home/lib"/>
    <property name="sun.java.command" value="/Users/gokhankara/Desktop/CucumberLast/target/surefire/surefirebooter17759993624948064246.jar /Users/gokhankara/Desktop/CucumberLast/target/surefire 2023-01-13T03-49-41_701-jvmRun1 surefire5403100962892713539tmp surefire_016114014636689458655tmp"/>
    <property name="http.nonProxyHosts" value="local|*.local|169.254/16|*.169.254/16"/>
    <property name="jdk.debug" value="release"/>
    <property name="surefire.test.class.path" value="/Users/gokhankara/Desktop/CucumberLast/target/test-classes:/Users/gokhankara/Desktop/CucumberLast/target/classes:/Users/gokhankara/.m2/repository/org/seleniumhq/selenium/selenium-java/3.141.59/selenium-java-3.141.59.jar:/Users/gokhankara/.m2/repository/org/seleniumhq/selenium/selenium-api/3.141.59/selenium-api-3.141.59.jar:/Users/gokhankara/.m2/repository/org/seleniumhq/selenium/selenium-chrome-driver/3.141.59/selenium-chrome-driver-3.141.59.jar:/Users/gokhankara/.m2/repository/org/seleniumhq/selenium/selenium-edge-driver/3.141.59/selenium-edge-driver-3.141.59.jar:/Users/gokhankara/.m2/repository/org/seleniumhq/selenium/selenium-firefox-driver/3.141.59/selenium-firefox-driver-3.141.59.jar:/Users/gokhankara/.m2/repository/org/seleniumhq/selenium/selenium-ie-driver/3.141.59/selenium-ie-driver-3.141.59.jar:/Users/gokhankara/.m2/repository/org/seleniumhq/selenium/selenium-opera-driver/3.141.59/selenium-opera-driver-3.141.59.jar:/Users/gokhankara/.m2/repository/org/seleniumhq/selenium/selenium-remote-driver/3.141.59/selenium-remote-driver-3.141.59.jar:/Users/gokhankara/.m2/repository/org/seleniumhq/selenium/selenium-safari-driver/3.141.59/selenium-safari-driver-3.141.59.jar:/Users/gokhankara/.m2/repository/org/seleniumhq/selenium/selenium-support/3.141.59/selenium-support-3.141.59.jar:/Users/gokhankara/.m2/repository/net/bytebuddy/byte-buddy/1.8.15/byte-buddy-1.8.15.jar:/Users/gokhankara/.m2/repository/org/apache/commons/commons-exec/1.3/commons-exec-1.3.jar:/Users/gokhankara/.m2/repository/com/google/guava/guava/25.0-jre/guava-25.0-jre.jar:/Users/gokhankara/.m2/repository/com/google/code/findbugs/jsr305/1.3.9/jsr305-1.3.9.jar:/Users/gokhankara/.m2/repository/org/checkerframework/checker-compat-qual/2.0.0/checker-compat-qual-2.0.0.jar:/Users/gokhankara/.m2/repository/com/google/errorprone/error_prone_annotations/2.1.3/error_prone_annotations-2.1.3.jar:/Users/gokhankara/.m2/repository/com/google/j2objc/j2objc-annotations/1.1/j2objc-annotations-1.1.jar:/Users/gokhankara/.m2/repository/org/codehaus/mojo/animal-sniffer-annotations/1.14/animal-sniffer-annotations-1.14.jar:/Users/gokhankara/.m2/repository/com/squareup/okhttp3/okhttp/3.11.0/okhttp-3.11.0.jar:/Users/gokhankara/.m2/repository/com/squareup/okio/okio/1.14.0/okio-1.14.0.jar:/Users/gokhankara/.m2/repository/io/cucumber/cucumber-java/7.0.0/cucumber-java-7.0.0.jar:/Users/gokhankara/.m2/repository/org/apiguardian/apiguardian-api/1.1.2/apiguardian-api-1.1.2.jar:/Users/gokhankara/.m2/repository/io/cucumber/cucumber-junit/7.0.0/cucumber-junit-7.0.0.jar:/Users/gokhankara/.m2/repository/junit/junit/4.13.2/junit-4.13.2.jar:/Users/gokhankara/.m2/repository/org/hamcrest/hamcrest-core/1.3/hamcrest-core-1.3.jar:/Users/gokhankara/.m2/repository/io/cucumber/cucumber-core/7.0.0/cucumber-core-7.0.0.jar:/Users/gokhankara/.m2/repository/io/cucumber/cucumber-gherkin/7.0.0/cucumber-gherkin-7.0.0.jar:/Users/gokhankara/.m2/repository/io/cucumber/cucumber-gherkin-messages/7.0.0/cucumber-gherkin-messages-7.0.0.jar:/Users/gokhankara/.m2/repository/io/cucumber/messages/17.1.1/messages-17.1.1.jar:/Users/gokhankara/.m2/repository/io/cucumber/tag-expressions/4.0.2/tag-expressions-4.0.2.jar:/Users/gokhankara/.m2/repository/io/cucumber/cucumber-expressions/13.0.1/cucumber-expressions-13.0.1.jar:/Users/gokhankara/.m2/repository/io/cucumber/datatable/7.0.0/datatable-7.0.0.jar:/Users/gokhankara/.m2/repository/io/cucumber/cucumber-plugin/7.0.0/cucumber-plugin-7.0.0.jar:/Users/gokhankara/.m2/repository/io/cucumber/docstring/7.0.0/docstring-7.0.0.jar:/Users/gokhankara/.m2/repository/io/cucumber/html-formatter/17.0.0/html-formatter-17.0.0.jar:/Users/gokhankara/.m2/repository/io/cucumber/create-meta/6.0.1/create-meta-6.0.1.jar:/Users/gokhankara/.m2/repository/io/github/bonigarcia/webdrivermanager/5.0.3/webdrivermanager-5.0.3.jar:/Users/gokhankara/.m2/repository/org/slf4j/slf4j-api/1.7.32/slf4j-api-1.7.32.jar:/Users/gokhankara/.m2/repository/com/google/code/gson/gson/2.8.8/gson-2.8.8.jar:/Users/gokhankara/.m2/repository/org/jsoup/jsoup/1.14.2/jsoup-1.14.2.jar:/Users/gokhankara/.m2/repository/com/github/docker-java/docker-java/3.2.12/docker-java-3.2.12.jar:/Users/gokhankara/.m2/repository/com/github/docker-java/docker-java-core/3.2.12/docker-java-core-3.2.12.jar:/Users/gokhankara/.m2/repository/com/github/docker-java/docker-java-api/3.2.12/docker-java-api-3.2.12.jar:/Users/gokhankara/.m2/repository/com/fasterxml/jackson/core/jackson-annotations/2.10.3/jackson-annotations-2.10.3.jar:/Users/gokhankara/.m2/repository/commons-lang/commons-lang/2.6/commons-lang-2.6.jar:/Users/gokhankara/.m2/repository/com/fasterxml/jackson/core/jackson-databind/2.10.3/jackson-databind-2.10.3.jar:/Users/gokhankara/.m2/repository/com/fasterxml/jackson/core/jackson-core/2.10.3/jackson-core-2.10.3.jar:/Users/gokhankara/.m2/repository/org/slf4j/jcl-over-slf4j/1.7.30/jcl-over-slf4j-1.7.30.jar:/Users/gokhankara/.m2/repository/com/github/docker-java/docker-java-transport-httpclient5/3.2.12/docker-java-transport-httpclient5-3.2.12.jar:/Users/gokhankara/.m2/repository/com/github/docker-java/docker-java-transport/3.2.12/docker-java-transport-3.2.12.jar:/Users/gokhankara/.m2/repository/org/apache/httpcomponents/client5/httpclient5/5.0.3/httpclient5-5.0.3.jar:/Users/gokhankara/.m2/repository/org/apache/httpcomponents/core5/httpcore5/5.0.2/httpcore5-5.0.2.jar:/Users/gokhankara/.m2/repository/net/java/dev/jna/jna/5.8.0/jna-5.8.0.jar:/Users/gokhankara/.m2/repository/org/brotli/dec/0.1.2/dec-0.1.2.jar:/Users/gokhankara/.m2/repository/org/apache/poi/poi-ooxml/5.0.0/poi-ooxml-5.0.0.jar:/Users/gokhankara/.m2/repository/org/apache/poi/poi/5.0.0/poi-5.0.0.jar:/Users/gokhankara/.m2/repository/commons-codec/commons-codec/1.15/commons-codec-1.15.jar:/Users/gokhankara/.m2/repository/org/apache/commons/commons-collections4/4.4/commons-collections4-4.4.jar:/Users/gokhankara/.m2/repository/org/apache/commons/commons-math3/3.6.1/commons-math3-3.6.1.jar:/Users/gokhankara/.m2/repository/com/zaxxer/SparseBitSet/1.2/SparseBitSet-1.2.jar:/Users/gokhankara/.m2/repository/org/apache/poi/poi-ooxml-lite/5.0.0/poi-ooxml-lite-5.0.0.jar:/Users/gokhankara/.m2/repository/org/apache/xmlbeans/xmlbeans/4.0.0/xmlbeans-4.0.0.jar:/Users/gokhankara/.m2/repository/org/apache/commons/commons-compress/1.20/commons-compress-1.20.jar:/Users/gokhankara/.m2/repository/com/github/virtuald/curvesapi/1.06/curvesapi-1.06.jar:/Users/gokhankara/.m2/repository/org/bouncycastle/bcpkix-jdk15on/1.68/bcpkix-jdk15on-1.68.jar:/Users/gokhankara/.m2/repository/org/bouncycastle/bcprov-jdk15on/1.68/bcprov-jdk15on-1.68.jar:/Users/gokhankara/.m2/repository/org/apache/santuario/xmlsec/2.2.1/xmlsec-2.2.1.jar:/Users/gokhankara/.m2/repository/com/fasterxml/woodstox/woodstox-core/5.2.1/woodstox-core-5.2.1.jar:/Users/gokhankara/.m2/repository/org/codehaus/woodstox/stax2-api/4.2/stax2-api-4.2.jar:/Users/gokhankara/.m2/repository/jakarta/xml/bind/jakarta.xml.bind-api/2.3.2/jakarta.xml.bind-api-2.3.2.jar:/Users/gokhankara/.m2/repository/jakarta/activation/jakarta.activation-api/1.2.1/jakarta.activation-api-1.2.1.jar:/Users/gokhankara/.m2/repository/org/apache/xmlgraphics/batik-all/1.13/batik-all-1.13.jar:/Users/gokhankara/.m2/repository/org/apache/xmlgraphics/batik-anim/1.13/batik-anim-1.13.jar:/Users/gokhankara/.m2/repository/org/apache/xmlgraphics/batik-shared-resources/1.13/batik-shared-resources-1.13.jar:/Users/gokhankara/.m2/repository/xml-apis/xml-apis-ext/1.3.04/xml-apis-ext-1.3.04.jar:/Users/gokhankara/.m2/repository/org/apache/xmlgraphics/batik-awt-util/1.13/batik-awt-util-1.13.jar:/Users/gokhankara/.m2/repository/org/apache/xmlgraphics/xmlgraphics-commons/2.4/xmlgraphics-commons-2.4.jar:/Users/gokhankara/.m2/repository/org/apache/xmlgraphics/batik-bridge/1.13/batik-bridge-1.13.jar:/Users/gokhankara/.m2/repository/org/apache/xmlgraphics/batik-codec/1.13/batik-codec-1.13.jar:/Users/gokhankara/.m2/repository/org/apache/xmlgraphics/batik-constants/1.13/batik-constants-1.13.jar:/Users/gokhankara/.m2/repository/org/apache/xmlgraphics/batik-css/1.13/batik-css-1.13.jar:/Users/gokhankara/.m2/repository/org/apache/xmlgraphics/batik-dom/1.13/batik-dom-1.13.jar:/Users/gokhankara/.m2/repository/xalan/xalan/2.7.2/xalan-2.7.2.jar:/Users/gokhankara/.m2/repository/xalan/serializer/2.7.2/serializer-2.7.2.jar:/Users/gokhankara/.m2/repository/xml-apis/xml-apis/1.4.01/xml-apis-1.4.01.jar:/Users/gokhankara/.m2/repository/org/apache/xmlgraphics/batik-ext/1.13/batik-ext-1.13.jar:/Users/gokhankara/.m2/repository/org/apache/xmlgraphics/batik-extension/1.13/batik-extension-1.13.jar:/Users/gokhankara/.m2/repository/org/apache/xmlgraphics/batik-gui-util/1.13/batik-gui-util-1.13.jar:/Users/gokhankara/.m2/repository/org/apache/xmlgraphics/batik-gvt/1.13/batik-gvt-1.13.jar:/Users/gokhankara/.m2/repository/org/apache/xmlgraphics/batik-i18n/1.13/batik-i18n-1.13.jar:/Users/gokhankara/.m2/repository/org/apache/xmlgraphics/batik-parser/1.13/batik-parser-1.13.jar:/Users/gokhankara/.m2/repository/org/apache/xmlgraphics/batik-rasterizer-ext/1.13/batik-rasterizer-ext-1.13.jar:/Users/gokhankara/.m2/repository/org/apache/xmlgraphics/batik-rasterizer/1.13/batik-rasterizer-1.13.jar:/Users/gokhankara/.m2/repository/org/apache/xmlgraphics/batik-script/1.13/batik-script-1.13.jar:/Users/gokhankara/.m2/repository/org/apache/xmlgraphics/batik-slideshow/1.13/batik-slideshow-1.13.jar:/Users/gokhankara/.m2/repository/org/apache/xmlgraphics/batik-squiggle-ext/1.13/batik-squiggle-ext-1.13.jar:/Users/gokhankara/.m2/repository/org/apache/xmlgraphics/batik-squiggle/1.13/batik-squiggle-1.13.jar:/Users/gokhankara/.m2/repository/org/apache/xmlgraphics/batik-svg-dom/1.13/batik-svg-dom-1.13.jar:/Users/gokhankara/.m2/repository/org/apache/xmlgraphics/batik-svgbrowser/1.13/batik-svgbrowser-1.13.jar:/Users/gokhankara/.m2/repository/org/apache/xmlgraphics/batik-svggen/1.13/batik-svggen-1.13.jar:/Users/gokhankara/.m2/repository/org/apache/xmlgraphics/batik-svgpp/1.13/batik-svgpp-1.13.jar:/Users/gokhankara/.m2/repository/org/apache/xmlgraphics/batik-svgrasterizer/1.13/batik-svgrasterizer-1.13.jar:/Users/gokhankara/.m2/repository/org/apache/xmlgraphics/batik-swing/1.13/batik-swing-1.13.jar:/Users/gokhankara/.m2/repository/org/apache/xmlgraphics/batik-transcoder/1.13/batik-transcoder-1.13.jar:/Users/gokhankara/.m2/repository/org/apache/xmlgraphics/batik-util/1.13/batik-util-1.13.jar:/Users/gokhankara/.m2/repository/org/apache/xmlgraphics/batik-ttf2svg/1.13/batik-ttf2svg-1.13.jar:/Users/gokhankara/.m2/repository/org/apache/xmlgraphics/batik-xml/1.13/batik-xml-1.13.jar:/Users/gokhankara/.m2/repository/de/rototor/pdfbox/graphics2d/0.30/graphics2d-0.30.jar:/Users/gokhankara/.m2/repository/org/apache/pdfbox/pdfbox/2.0.22/pdfbox-2.0.22.jar:/Users/gokhankara/.m2/repository/org/apache/pdfbox/fontbox/2.0.22/fontbox-2.0.22.jar:/Users/gokhankara/.m2/repository/commons-io/commons-io/2.11.0/commons-io-2.11.0.jar:"/>
    <property name="sun.cpu.endian" value="little"/>
    <property name="user.home" value="/Users/gokhankara"/>
    <property name="user.language" value="en"/>
    <property name="java.specification.vendor" value="Oracle Corporation"/>
    <property name="java.version.date" value="2022-10-18"/>
    <property name="java.home" value="/Users/gokhankara/Library/Java/JavaVirtualMachines/openjdk-19.0.1/Contents/Home"/>
    <property name="file.separator" value="/"/>
    <property name="basedir" value="/Users/gokhankara/Desktop/CucumberLast"/>
    <property name="java.vm.compressedOopsMode" value="Zero based"/>
    <property name="line.separator" value="&#10;"/>
    <property name="java.vm.specification.vendor" value="Oracle Corporation"/>
    <property name="java.specification.name" value="Java Platform API Specification"/>
    <property name="apple.awt.application.name" value="ForkedBooter"/>
    <property name="surefire.real.class.path" value="/Users/gokhankara/Desktop/CucumberLast/target/surefire/surefirebooter17759993624948064246.jar"/>
    <property name="sun.management.compiler" value="HotSpot 64-Bit Tiered Compilers"/>
    <property name="ftp.nonProxyHosts" value="local|*.local|169.254/16|*.169.254/16"/>
    <property name="java.runtime.version" value="19.0.1+10-21"/>
    <property name="user.name" value="gokhankara"/>
    <property name="stdout.encoding" value="UTF-8"/>
    <property name="path.separator" value=":"/>
    <property name="os.version" value="13.1"/>
    <property name="java.runtime.name" value="OpenJDK Runtime Environment"/>
    <property name="file.encoding" value="UTF-8"/>
    <property name="java.vm.name" value="OpenJDK 64-Bit Server VM"/>
    <property name="localRepository" value="/Users/gokhankara/.m2/repository"/>
    <property name="java.vendor.url.bug" value="https://bugreport.java.com/bugreport/"/>
    <property name="java.io.tmpdir" value="/var/folders/p9/jv3krs117dgcq6q9l_4744hc0000gn/T/"/>
    <property name="java.version" value="19.0.1"/>
    <property name="user.dir" value="/Users/gokhankara/Desktop/CucumberLast"/>
    <property name="os.arch" value="x86_64"/>
    <property name="java.vm.specification.name" value="Java Virtual Machine Specification"/>
    <property name="native.encoding" value="UTF-8"/>
    <property name="java.library.path" value="/Users/gokhankara/Library/Java/Extensions:/Library/Java/Extensions:/Network/Library/Java/Extensions:/System/Library/Java/Extensions:/usr/lib/java:."/>
    <property name="java.vm.info" value="mixed mode, sharing"/>
    <property name="stderr.encoding" value="UTF-8"/>
    <property name="java.vendor" value="Oracle Corporation"/>
    <property name="java.vm.version" value="19.0.1+10-21"/>
    <property name="sun.io.unicode.encoding" value="UnicodeBig"/>
    <property name="socksNonProxyHosts" value="local|*.local|169.254/16|*.169.254/16"/>
    <property name="java.class.version" value="63.0"/>
  </properties>
  <testcase name="Login to Orange HRM" classname="We are testing background keyword in this file" time="6.701">
    <system-out><![CDATA[&amp#27;[32m&amp#27;[1m┌───────────────────────────────────────────────────────────────────────────────────┐&amp#27;[0m
&amp#27;[32m&amp#27;[1m│&amp#27;[0m Share your Cucumber Report with your team at &amp#27;[36m&amp#27;[1m&amp#27;[4mhttps://reports.cucumber.io&amp#27;[0m          &amp#27;[32m&amp#27;[1m│&amp#27;[0m
&amp#27;[32m&amp#27;[1m│&amp#27;[0m Activate publishing with one of the following:                                    &amp#27;[32m&amp#27;[1m│&amp#27;[0m
&amp#27;[32m&amp#27;[1m│&amp#27;[0m                                                                                   &amp#27;[32m&amp#27;[1m│&amp#27;[0m
&amp#27;[32m&amp#27;[1m│&amp#27;[0m src/test/resources/cucumber.properties:          &amp#27;[36mcucumber.publish.enabled&amp#27;[0m=&amp#27;[36mtrue&amp#27;[0m    &amp#27;[32m&amp#27;[1m│&amp#27;[0m
&amp#27;[32m&amp#27;[1m│&amp#27;[0m src/test/resources/junit-platform.properties:    &amp#27;[36mcucumber.publish.enabled&amp#27;[0m=&amp#27;[36mtrue&amp#27;[0m    &amp#27;[32m&amp#27;[1m│&amp#27;[0m
&amp#27;[32m&amp#27;[1m│&amp#27;[0m Environment variable:                            &amp#27;[36mCUCUMBER_PUBLISH_ENABLED&amp#27;[0m=&amp#27;[36mtrue&amp#27;[0m    &amp#27;[32m&amp#27;[1m│&amp#27;[0m
&amp#27;[32m&amp#27;[1m│&amp#27;[0m JUnit:                                           &amp#27;[36m@CucumberOptions&amp#27;[0m(publish = &amp#27;[36mtrue&amp#27;[0m) &amp#27;[32m&amp#27;[1m│&amp#27;[0m
&amp#27;[32m&amp#27;[1m│&amp#27;[0m                                                                                   &amp#27;[32m&amp#27;[1m│&amp#27;[0m
&amp#27;[32m&amp#27;[1m│&amp#27;[0m More information at &amp#27;[36mhttps://cucumber.io/docs/cucumber/environment-variables/&amp#27;[0m      &amp#27;[32m&amp#27;[1m│&amp#27;[0m
&amp#27;[32m&amp#27;[1m│&amp#27;[0m                                                                                   &amp#27;[32m&amp#27;[1m│&amp#27;[0m
&amp#27;[32m&amp#27;[1m│&amp#27;[0m Disable this message with one of the following:                                   &amp#27;[32m&amp#27;[1m│&amp#27;[0m
&amp#27;[32m&amp#27;[1m│&amp#27;[0m                                                                                   &amp#27;[32m&amp#27;[1m│&amp#27;[0m
&amp#27;[32m&amp#27;[1m│&amp#27;[0m src/test/resources/cucumber.properties:          &amp#27;[36mcucumber.publish.quiet&amp#27;[0m=&amp#27;[36mtrue&amp#27;[0m      &amp#27;[32m&amp#27;[1m│&amp#27;[0m
&amp#27;[32m&amp#27;[1m│&amp#27;[0m src/test/resources/junit-platform.properties:    &amp#27;[36mcucumber.publish.quiet&amp#27;[0m=&amp#27;[36mtrue&amp#27;[0m      &amp#27;[32m&amp#27;[1m│&amp#27;[0m
&amp#27;[32m&amp#27;[1m└───────────────────────────────────────────────────────────────────────────────────┘&amp#27;[0m


@TC12 @Regression @Smoke
Scenario: Login to Orange HRM                                   &amp#27;[90m# src/test/resources/Background.feature:33&amp#27;[0m
  &amp#27;[32mGiven &amp#27;[0m&amp#27;[32mThe user wants to go to OrangeHRM Website&amp#27;[0m               &amp#27;[90m# code.stepsDefinitions.OrangeHRMSteps.the_user_wants_to_go_to_orange_hrm_website()&amp#27;[0m
  &amp#27;[32mWhen &amp#27;[0m&amp#27;[32mThe user wants to enter username and password&amp#27;[0m            &amp#27;[90m# code.stepsDefinitions.OrangeHRMSteps.the_user_wants_to_enter_username_and_password()&amp#27;[0m
  &amp#27;[32mThen &amp#27;[0m&amp#27;[32mThe user wants to click on Login button&amp#27;[0m                  &amp#27;[90m# code.stepsDefinitions.OrangeHRMSteps.the_user_wants_to_click_on_login_button()&amp#27;[0m
  &amp#27;[32mAnd &amp#27;[0m&amp#27;[32mThe user wants to verify that browser landed on Dashboard&amp#27;[0m &amp#27;[90m# code.stepsDefinitions.OrangeHRMSteps.the_user_wants_to_verify_that_browser_landed_on_dashboard()&amp#27;[0m
]]></system-out>
    <system-err><![CDATA[Starting ChromeDriver 108.0.5359.71 (1e0e3868ee06e91ad636a874420e3ca3ae3756ac-refs/branch-heads/5359@{#1016}) on port 7649
Only local connections are allowed.
Please see https://chromedriver.chromium.org/security-considerations for suggestions on keeping ChromeDriver safe.
ChromeDriver was started successfully.
Jan 13, 2023 3:49:46 AM org.openqa.selenium.remote.ProtocolHandshake createSession
INFO: Detected dialect: W3C
]]></system-err>
  </testcase>
</testsuite>